Determining if the pthread_create exist failed with the following output:
Change Dir: /home/licht/Dev/MandelbrotCpp/cmake-build-debug/CMakeFiles/CMakeTmp

Run Build Command(s):/usr/bin/make cmTC_921e1/fast 
make[1]: Entering directory '/home/licht/Dev/MandelbrotCpp/cmake-build-debug/CMakeFiles/CMakeTmp'
/usr/bin/make -f CMakeFiles/cmTC_921e1.dir/build.make CMakeFiles/cmTC_921e1.dir/build
make[2]: Entering directory '/home/licht/Dev/MandelbrotCpp/cmake-build-debug/CMakeFiles/CMakeTmp'
Building C object CMakeFiles/cmTC_921e1.dir/CheckSymbolExists.c.o
/usr/bin/cc    -o CMakeFiles/cmTC_921e1.dir/CheckSymbolExists.c.o   -c /home/licht/Dev/MandelbrotCpp/cmake-build-debug/CMakeFiles/CMakeTmp/CheckSymbolExists.c
Linking C executable cmTC_921e1
/snap/clion/73/bin/cmake/linux/bin/cmake -E cmake_link_script CMakeFiles/cmTC_921e1.dir/link.txt --verbose=1
/usr/bin/cc      CMakeFiles/cmTC_921e1.dir/CheckSymbolExists.c.o  -o cmTC_921e1 
/usr/bin/ld: CMakeFiles/cmTC_921e1.dir/CheckSymbolExists.c.o: in function `main':
CheckSymbolExists.c:(.text+0x1b): undefined reference to `pthread_create'
collect2: error: ld returned 1 exit status
make[2]: *** [CMakeFiles/cmTC_921e1.dir/build.make:87: cmTC_921e1] Error 1
make[2]: Leaving directory '/home/licht/Dev/MandelbrotCpp/cmake-build-debug/CMakeFiles/CMakeTmp'
make[1]: *** [Makefile:121: cmTC_921e1/fast] Error 2
make[1]: Leaving directory '/home/licht/Dev/MandelbrotCpp/cmake-build-debug/CMakeFiles/CMakeTmp'

File /home/licht/Dev/MandelbrotCpp/cmake-build-debug/CMakeFiles/CMakeTmp/CheckSymbolExists.c:
/* */
#include <pthread.h>

int main(int argc, char** argv)
{
  (void)argv;
#ifndef pthread_create
  return ((int*)(&pthread_create))[argc];
#else
  (void)argc;
  return 0;
#endif
}

Determining if the function pthread_create exists in the pthreads failed with the following output:
Change Dir: /home/licht/Dev/MandelbrotCpp/cmake-build-debug/CMakeFiles/CMakeTmp

Run Build Command(s):/usr/bin/make cmTC_cf3b3/fast 
make[1]: Entering directory '/home/licht/Dev/MandelbrotCpp/cmake-build-debug/CMakeFiles/CMakeTmp'
/usr/bin/make -f CMakeFiles/cmTC_cf3b3.dir/build.make CMakeFiles/cmTC_cf3b3.dir/build
make[2]: Entering directory '/home/licht/Dev/MandelbrotCpp/cmake-build-debug/CMakeFiles/CMakeTmp'
Building C object CMakeFiles/cmTC_cf3b3.dir/CheckFunctionExists.c.o
/usr/bin/cc   -DCHECK_FUNCTION_EXISTS=pthread_create   -o CMakeFiles/cmTC_cf3b3.dir/CheckFunctionExists.c.o   -c /snap/clion/73/bin/cmake/linux/share/cmake-3.14/Modules/CheckFunctionExists.c
Linking C executable cmTC_cf3b3
/snap/clion/73/bin/cmake/linux/bin/cmake -E cmake_link_script CMakeFiles/cmTC_cf3b3.dir/link.txt --verbose=1
/usr/bin/cc  -DCHECK_FUNCTION_EXISTS=pthread_create    CMakeFiles/cmTC_cf3b3.dir/CheckFunctionExists.c.o  -o cmTC_cf3b3 -lpthreads 
/usr/bin/ld: cannot find -lpthreads
collect2: error: ld returned 1 exit status
make[2]: *** [CMakeFiles/cmTC_cf3b3.dir/build.make:87: cmTC_cf3b3] Error 1
make[2]: Leaving directory '/home/licht/Dev/MandelbrotCpp/cmake-build-debug/CMakeFiles/CMakeTmp'
make[1]: *** [Makefile:121: cmTC_cf3b3/fast] Error 2
make[1]: Leaving directory '/home/licht/Dev/MandelbrotCpp/cmake-build-debug/CMakeFiles/CMakeTmp'


